[debug] [2021-08-07T10:31:23.489Z] ----------------------------------------------------------------------
[debug] [2021-08-07T10:31:23.491Z] Command:       C:\Program Files\nodejs\node.exe C:\Users\mritunjay.mohitesh\AppData\Roaming\npm\node_modules\firebase-tools\lib\bin\firebase.js serve --only functions
[debug] [2021-08-07T10:31:23.492Z] CLI Version:   9.10.0
[debug] [2021-08-07T10:31:23.492Z] Platform:      win32
[debug] [2021-08-07T10:31:23.492Z] Node Version:  v14.17.4
[debug] [2021-08-07T10:31:23.495Z] Time:          Sat Aug 07 2021 16:01:23 GMT+0530 (India Standard Time)
[debug] [2021-08-07T10:31:23.495Z] ----------------------------------------------------------------------
[debug] 
[debug] [2021-08-07T10:31:23.504Z] > command requires scopes: ["email","openid","https://www.googleapis.com/auth/cloudplatformprojects.readonly","https://www.googleapis.com/auth/firebase","https://www.googleapis.com/auth/cloud-platform"]
[debug] [2021-08-07T10:31:23.504Z] > authorizing via signed-in user (mritunjaymohitesh@gmail.com)
[debug] [2021-08-07T10:31:23.504Z] [iam] checking project stripe-tutorial-bytepad for permissions ["firebase.projects.get"]
[debug] [2021-08-07T10:31:23.506Z] > refreshing access token with scopes: ["email","https://www.googleapis.com/auth/cloud-platform","https://www.googleapis.com/auth/cloudplatformprojects.readonly","https://www.googleapis.com/auth/firebase","openid"]
[debug] [2021-08-07T10:31:23.507Z] >>> HTTP REQUEST POST https://www.googleapis.com/oauth2/v3/token  
 <request body omitted>
[debug] [2021-08-07T10:31:24.269Z] <<< HTTP RESPONSE 200 {"expires":"Mon, 01 Jan 1990 00:00:00 GMT","date":"Sat, 07 Aug 2021 10:31:17 GMT","cache-control":"no-cache, no-store, max-age=0, must-revalidate","pragma":"no-cache","content-type":"application/json; charset=utf-8","vary":"X-Origin, Referer, Origin,Accept-Encoding","server":"scaffolding on HTTPServer2","x-xss-protection":"0","x-frame-options":"SAMEORIGIN","x-content-type-options":"nosniff","alt-svc":"h3=\":443\"; ma=2592000,h3-29=\":443\"; ma=2592000,h3-T051=\":443\"; ma=2592000,h3-Q050=\":443\"; ma=2592000,h3-Q046=\":443\"; ma=2592000,h3-Q043=\":443\"; ma=2592000,quic=\":443\"; ma=2592000; v=\"46,43\"","accept-ranges":"none","transfer-encoding":"chunked"}
[debug] [2021-08-07T10:31:24.306Z] >>> HTTP REQUEST POST https://cloudresourcemanager.googleapis.com/v1/projects/stripe-tutorial-bytepad:testIamPermissions  
 {"permissions":["firebase.projects.get"]}
[debug] [2021-08-07T10:31:26.393Z] <<< HTTP RESPONSE 200 {"content-type":"application/json; charset=UTF-8","vary":"X-Origin, Referer, Origin,Accept-Encoding","date":"Sat, 07 Aug 2021 10:31:19 GMT","server":"ESF","cache-control":"private","x-xss-protection":"0","x-frame-options":"SAMEORIGIN","x-content-type-options":"nosniff","server-timing":"gfet4t7; dur=1318","alt-svc":"h3=\":443\"; ma=2592000,h3-29=\":443\"; ma=2592000,h3-T051=\":443\"; ma=2592000,h3-Q050=\":443\"; ma=2592000,h3-Q046=\":443\"; ma=2592000,h3-Q043=\":443\"; ma=2592000,quic=\":443\"; ma=2592000; v=\"46,43\"","accept-ranges":"none","transfer-encoding":"chunked"}
[debug] [2021-08-07T10:31:26.397Z] > refreshing access token with scopes: []
[debug] [2021-08-07T10:31:26.398Z] >>> HTTP REQUEST POST https://www.googleapis.com/oauth2/v3/token  
 <request body omitted>
[debug] [2021-08-07T10:31:26.983Z] <<< HTTP RESPONSE 200 {"date":"Sat, 07 Aug 2021 10:31:20 GMT","cache-control":"no-cache, no-store, max-age=0, must-revalidate","pragma":"no-cache","expires":"Mon, 01 Jan 1990 00:00:00 GMT","content-type":"application/json; charset=utf-8","vary":"X-Origin, Referer, Origin,Accept-Encoding","server":"scaffolding on HTTPServer2","x-xss-protection":"0","x-frame-options":"SAMEORIGIN","x-content-type-options":"nosniff","alt-svc":"h3=\":443\"; ma=2592000,h3-29=\":443\"; ma=2592000,h3-T051=\":443\"; ma=2592000,h3-Q050=\":443\"; ma=2592000,h3-Q046=\":443\"; ma=2592000,h3-Q043=\":443\"; ma=2592000,quic=\":443\"; ma=2592000; v=\"46,43\"","accept-ranges":"none","transfer-encoding":"chunked"}
[debug] [2021-08-07T10:31:27.013Z] >>> [apiv2][query] GET https://firebase.googleapis.com/v1beta1/projects/stripe-tutorial-bytepad [none]
[debug] [2021-08-07T10:31:27.851Z] <<< [apiv2][status] GET https://firebase.googleapis.com/v1beta1/projects/stripe-tutorial-bytepad 200
[debug] [2021-08-07T10:31:27.851Z] <<< [apiv2][body] GET https://firebase.googleapis.com/v1beta1/projects/stripe-tutorial-bytepad {"projectId":"stripe-tutorial-bytepad","projectNumber":"313149183581","displayName":"stripe-tutorial-bytepad","name":"projects/stripe-tutorial-bytepad","resources":{"hostingSite":"stripe-tutorial-bytepad","storageBucket":"stripe-tutorial-bytepad.appspot.com","locationId":"us-central"},"state":"ACTIVE"}
[warn] !  Your requested "node" version "12" doesn't match your global version "14" {"metadata":{"emulator":{"name":"functions"},"message":"Your requested \"node\" version \"12\" doesn't match your global version \"14\""}}
[debug] [2021-08-07T10:31:27.871Z] defaultcredentials: writing to file C:\Users\mritunjay.mohitesh\AppData\Roaming\firebase\mritunjaymohitesh_gmail_com_application_default_credentials.json
[debug] [2021-08-07T10:31:27.874Z] Setting GAC to C:\Users\mritunjay.mohitesh\AppData\Roaming\firebase\mritunjaymohitesh_gmail_com_application_default_credentials.json {"metadata":{"emulator":{"name":"functions"},"message":"Setting GAC to C:\\Users\\mritunjay.mohitesh\\AppData\\Roaming\\firebase\\mritunjaymohitesh_gmail_com_application_default_credentials.json"}}
[debug] [2021-08-07T10:31:27.875Z] >>> [apiv2][query] GET https://firebase.googleapis.com/v1beta1/projects/stripe-tutorial-bytepad/adminSdkConfig [none]
[debug] [2021-08-07T10:31:28.784Z] <<< [apiv2][status] GET https://firebase.googleapis.com/v1beta1/projects/stripe-tutorial-bytepad/adminSdkConfig 200
[debug] [2021-08-07T10:31:28.785Z] <<< [apiv2][body] GET https://firebase.googleapis.com/v1beta1/projects/stripe-tutorial-bytepad/adminSdkConfig {"projectId":"stripe-tutorial-bytepad","storageBucket":"stripe-tutorial-bytepad.appspot.com","locationId":"us-central"}
[info] i  functions: Watching "C:\Study\vue-stripe\functions" for Cloud Functions... {"metadata":{"emulator":{"name":"functions"},"message":"Watching \"C:\\Study\\vue-stripe\\functions\" for Cloud Functions..."}}
[debug] [2021-08-07T10:31:28.857Z] [worker-pool] addWorker(~diagnostic~) {"metadata":{"emulator":{"name":"functions"},"message":"[worker-pool] addWorker(~diagnostic~)"}}
[debug] [2021-08-07T10:31:28.857Z] [worker-pool] Adding worker with key ~diagnostic~, total=1 {"metadata":{"emulator":{"name":"functions"},"message":"[worker-pool] Adding worker with key ~diagnostic~, total=1"}}
[debug] [2021-08-07T10:31:28.857Z] [worker-pool] submitWork(triggerId=) {"metadata":{"emulator":{"name":"functions"},"message":"[worker-pool] submitWork(triggerId=)"}}
[debug] [2021-08-07T10:31:28.858Z] [worker-~diagnostic~-2461152c-df3e-463f-a1c6-e2c52c08734e]: Assigning socketPath: \\?\pipe\C:\Study\vue-stripe\functions\3612 {"metadata":{"emulator":{"name":"functions"},"message":"[worker-~diagnostic~-2461152c-df3e-463f-a1c6-e2c52c08734e]: Assigning socketPath: \\\\?\\pipe\\C:\\Study\\vue-stripe\\functions\\3612"}}
[debug] [2021-08-07T10:31:28.858Z] [worker-~diagnostic~-2461152c-df3e-463f-a1c6-e2c52c08734e]: BUSY {"metadata":{"emulator":{"name":"functions"},"message":"[worker-~diagnostic~-2461152c-df3e-463f-a1c6-e2c52c08734e]: BUSY"}}
[debug] [2021-08-07T10:31:29.347Z] [runtime-status] [3612] Functions runtime initialized. {"cwd":"C:\\Study\\vue-stripe\\functions","node_version":"14.17.4"} {"metadata":{"emulator":{"name":"functions"},"message":"[runtime-status] [3612] Functions runtime initialized. {\"cwd\":\"C:\\\\Study\\\\vue-stripe\\\\functions\",\"node_version\":\"14.17.4\"}"}}
[debug] [2021-08-07T10:31:29.348Z] [runtime-status] [3612] Disabled runtime features: undefined {"metadata":{"emulator":{"name":"functions"},"message":"[runtime-status] [3612] Disabled runtime features: undefined"}}
[debug] [2021-08-07T10:31:29.353Z] [runtime-status] [3612] Resolved module firebase-admin {"declared":true,"installed":true,"version":"9.11.0","resolution":"C:\\Study\\vue-stripe\\functions\\node_modules\\firebase-admin\\lib\\index.js"} {"metadata":{"emulator":{"name":"functions"},"message":"[runtime-status] [3612] Resolved module firebase-admin {\"declared\":true,\"installed\":true,\"version\":\"9.11.0\",\"resolution\":\"C:\\\\Study\\\\vue-stripe\\\\functions\\\\node_modules\\\\firebase-admin\\\\lib\\\\index.js\"}"}}
[debug] [2021-08-07T10:31:29.357Z] [runtime-status] [3612] Resolved module firebase-functions {"declared":true,"installed":true,"version":"3.14.1","resolution":"C:\\Study\\vue-stripe\\functions\\node_modules\\firebase-functions\\lib\\index.js"} {"metadata":{"emulator":{"name":"functions"},"message":"[runtime-status] [3612] Resolved module firebase-functions {\"declared\":true,\"installed\":true,\"version\":\"3.14.1\",\"resolution\":\"C:\\\\Study\\\\vue-stripe\\\\functions\\\\node_modules\\\\firebase-functions\\\\lib\\\\index.js\"}"}}
[debug] [2021-08-07T10:31:29.361Z] [runtime-status] [3612] Resolved module firebase-functions {"declared":true,"installed":true,"version":"3.14.1","resolution":"C:\\Study\\vue-stripe\\functions\\node_modules\\firebase-functions\\lib\\index.js"} {"metadata":{"emulator":{"name":"functions"},"message":"[runtime-status] [3612] Resolved module firebase-functions {\"declared\":true,\"installed\":true,\"version\":\"3.14.1\",\"resolution\":\"C:\\\\Study\\\\vue-stripe\\\\functions\\\\node_modules\\\\firebase-functions\\\\lib\\\\index.js\"}"}}
[debug] [2021-08-07T10:31:29.364Z] [runtime-status] [3612] Outgoing network have been stubbed. [{"name":"http","status":"mocked"},{"name":"http","status":"mocked"},{"name":"https","status":"mocked"},{"name":"https","status":"mocked"},{"name":"net","status":"mocked"}] {"metadata":{"emulator":{"name":"functions"},"message":"[runtime-status] [3612] Outgoing network have been stubbed. [{\"name\":\"http\",\"status\":\"mocked\"},{\"name\":\"http\",\"status\":\"mocked\"},{\"name\":\"https\",\"status\":\"mocked\"},{\"name\":\"https\",\"status\":\"mocked\"},{\"name\":\"net\",\"status\":\"mocked\"}]"}}
[debug] [2021-08-07T10:31:29.365Z] [runtime-status] [3612] Resolved module firebase-functions {"declared":true,"installed":true,"version":"3.14.1","resolution":"C:\\Study\\vue-stripe\\functions\\node_modules\\firebase-functions\\lib\\index.js"} {"metadata":{"emulator":{"name":"functions"},"message":"[runtime-status] [3612] Resolved module firebase-functions {\"declared\":true,\"installed\":true,\"version\":\"3.14.1\",\"resolution\":\"C:\\\\Study\\\\vue-stripe\\\\functions\\\\node_modules\\\\firebase-functions\\\\lib\\\\index.js\"}"}}
[debug] [2021-08-07T10:31:29.446Z] [runtime-status] [3612] Checked functions.config() {"config":{}} {"metadata":{"emulator":{"name":"functions"},"message":"[runtime-status] [3612] Checked functions.config() {\"config\":{}}"}}
[debug] [2021-08-07T10:31:29.447Z] [runtime-status] [3612] firebase-functions has been stubbed. {"functionsResolution":{"declared":true,"installed":true,"version":"3.14.1","resolution":"C:\\Study\\vue-stripe\\functions\\node_modules\\firebase-functions\\lib\\index.js"}} {"metadata":{"emulator":{"name":"functions"},"message":"[runtime-status] [3612] firebase-functions has been stubbed. {\"functionsResolution\":{\"declared\":true,\"installed\":true,\"version\":\"3.14.1\",\"resolution\":\"C:\\\\Study\\\\vue-stripe\\\\functions\\\\node_modules\\\\firebase-functions\\\\lib\\\\index.js\"}}"}}
[debug] [2021-08-07T10:31:29.448Z] [runtime-status] [3612] Resolved module firebase-functions {"declared":true,"installed":true,"version":"3.14.1","resolution":"C:\\Study\\vue-stripe\\functions\\node_modules\\firebase-functions\\lib\\index.js"} {"metadata":{"emulator":{"name":"functions"},"message":"[runtime-status] [3612] Resolved module firebase-functions {\"declared\":true,\"installed\":true,\"version\":\"3.14.1\",\"resolution\":\"C:\\\\Study\\\\vue-stripe\\\\functions\\\\node_modules\\\\firebase-functions\\\\lib\\\\index.js\"}"}}
[debug] [2021-08-07T10:31:29.450Z] [runtime-status] [3612] Resolved module firebase-admin {"declared":true,"installed":true,"version":"9.11.0","resolution":"C:\\Study\\vue-stripe\\functions\\node_modules\\firebase-admin\\lib\\index.js"} {"metadata":{"emulator":{"name":"functions"},"message":"[runtime-status] [3612] Resolved module firebase-admin {\"declared\":true,\"installed\":true,\"version\":\"9.11.0\",\"resolution\":\"C:\\\\Study\\\\vue-stripe\\\\functions\\\\node_modules\\\\firebase-admin\\\\lib\\\\index.js\"}"}}
[debug] [2021-08-07T10:31:29.451Z] [runtime-status] [3612] Resolved module firebase-functions {"declared":true,"installed":true,"version":"3.14.1","resolution":"C:\\Study\\vue-stripe\\functions\\node_modules\\firebase-functions\\lib\\index.js"} {"metadata":{"emulator":{"name":"functions"},"message":"[runtime-status] [3612] Resolved module firebase-functions {\"declared\":true,\"installed\":true,\"version\":\"3.14.1\",\"resolution\":\"C:\\\\Study\\\\vue-stripe\\\\functions\\\\node_modules\\\\firebase-functions\\\\lib\\\\index.js\"}"}}
[debug] [2021-08-07T10:31:29.451Z] [runtime-status] [3612] firebase-admin has been stubbed. {"adminResolution":{"declared":true,"installed":true,"version":"9.11.0","resolution":"C:\\Study\\vue-stripe\\functions\\node_modules\\firebase-admin\\lib\\index.js"}} {"metadata":{"emulator":{"name":"functions"},"message":"[runtime-status] [3612] firebase-admin has been stubbed. {\"adminResolution\":{\"declared\":true,\"installed\":true,\"version\":\"9.11.0\",\"resolution\":\"C:\\\\Study\\\\vue-stripe\\\\functions\\\\node_modules\\\\firebase-admin\\\\lib\\\\index.js\"}}"}}
[debug] [2021-08-07T10:31:29.572Z] [runtime-status] [3612] initializeApp(DEFAULT) {"storageBucket":"stripe-tutorial-bytepad.appspot.com","projectId":"stripe-tutorial-bytepad"} {"metadata":{"emulator":{"name":"functions"},"message":"[runtime-status] [3612] initializeApp(DEFAULT) {\"storageBucket\":\"stripe-tutorial-bytepad.appspot.com\",\"projectId\":\"stripe-tutorial-bytepad\"}"}}
[info] +  functions[createCheckoutSession]: http function initialized (http://localhost:5000/stripe-tutorial-bytepad/us-central1/createCheckoutSession). {"metadata":{"emulator":{"name":"functions"},"message":"\u001b[1mhttp\u001b[22m function initialized (http://localhost:5000/stripe-tutorial-bytepad/us-central1/createCheckoutSession)."}}
[info] +  functions[getCustomerDetails]: http function initialized (http://localhost:5000/stripe-tutorial-bytepad/us-central1/getCustomerDetails). {"metadata":{"emulator":{"name":"functions"},"message":"\u001b[1mhttp\u001b[22m function initialized (http://localhost:5000/stripe-tutorial-bytepad/us-central1/getCustomerDetails)."}}
[debug] [2021-08-07T10:31:29.578Z] [worker-~diagnostic~-2461152c-df3e-463f-a1c6-e2c52c08734e]: IDLE {"metadata":{"emulator":{"name":"functions"},"message":"[worker-~diagnostic~-2461152c-df3e-463f-a1c6-e2c52c08734e]: IDLE"}}
